IP Upgrade report for ADS131A0X
Thu May 29 12:38:32 2025
Quartus Prime Version 23.1std.1 Build 993 05/14/2024 SC Lite Edition


---------------------
; Table of Contents ;
---------------------
  1. Legal Notice
  2. IP Upgrade Summary
  3. Successfully Upgraded IP Components
  4. IP Upgrade Messages



----------------
; Legal Notice ;
----------------
Copyright (C) 2024  Intel Corporation. All rights reserved.
Your use of Intel Corporation's design tools, logic functions 
and other software and tools, and any partner logic 
functions, and any output files from any of the foregoing 
(including device programming or simulation files), and any 
associated documentation or information are expressly subject 
to the terms and conditions of the Intel Program License 
Subscription Agreement, the Intel Quartus Prime License Agreement,
the Intel FPGA IP License Agreement, or other applicable license
agreement, including, without limitation, that your use is for
the sole purpose of programming logic devices manufactured by
Intel and sold by Intel or its authorized distributors.  Please
refer to the applicable agreement for further details, at
https://fpgasoftware.intel.com/eula.



+-------------------------------------------------------------------------------+
; IP Upgrade Summary                                                            ;
+------------------------------+------------------------------------------------+
; IP Components Upgrade Status ; Passed - Thu May 29 12:38:32 2025              ;
; Quartus Prime Version        ; 23.1std.1 Build 993 05/14/2024 SC Lite Edition ;
; Revision Name                ; ADS131A0X                                      ;
; Top-level Entity Name        ; ADS131A0X                                      ;
; Family                       ; Cyclone 10 LP                                  ;
+------------------------------+------------------------------------------------+


+----------------------------------------------------------------------------------------------------------------------------------------------------------------+
; Successfully Upgraded IP Components                                                                                                                            ;
+------------------------+----------------+---------+-----------------------------------+--------------------------+-----------------------------------+---------+
; Entity Name            ; Component Name ; Version ; Original Source File              ; Generation File Path     ; New Source File                   ; Message ;
+------------------------+----------------+---------+-----------------------------------+--------------------------+-----------------------------------+---------+
; ADS131A0X              ; Qsys           ; 18.1    ; ADS131A0X/synthesis/ADS131A0X.qip ; ADS131A0X.qsys           ; ADS131A0X/synthesis/ADS131A0X.qip ;         ;
; clock_synthesis_module ; ALTPLL         ; 18.1    ; clock_synthesis_module.qip        ; clock_synthesis_module.v ; clock_synthesis_module.qip        ;         ;
+------------------------+----------------+---------+-----------------------------------+--------------------------+-----------------------------------+---------+


+---------------------+
; IP Upgrade Messages ;
+---------------------+
Info (11902): Backing up file "ADS131A0X.qsys" to "ADS131A0X.BAK.qsys"
Info (11902): Backing up file "ADS131A0X/synthesis/ADS131A0X.v" to "ADS131A0X.BAK.v"
Info (11837): Started upgrading IP component Qsys with file "ADS131A0X.qsys"
Info: 2025.05.29.12:37:19 Info: Starting to upgrade the IP cores in the Platform Designer system
Info: 2025.05.29.12:37:19 Info: Finished upgrading the ip cores
Info: 2025.05.29.12:37:27 Info: Saving generation log to C:/Users/guan-ming.dennis-won/Documents/Code/ADS131A0X_Library/ADS131A0X
Info: 2025.05.29.12:37:27 Info: Starting: Create simulation model
Info: 2025.05.29.12:37:27 Info: qsys-generate C:\Users\guan-ming.dennis-won\Documents\Code\ADS131A0X_Library\ADS131A0X.qsys --simulation=VERILOG --allow-mixed-language-simulation --output-directory=C:\Users\guan-ming.dennis-won\Documents\Code\ADS131A0X_Library\ADS131A0X\simulation --family="Cyclone 10 LP" --part=10CL040YF484C8G
Info: 2025.05.29.12:37:27 Info: Loading ADS131A0X_Library
Info: 2025.05.29.12:37:28 Info: Reading input file
Info: 2025.05.29.12:37:28 Info: Adding CLK [clock_source 23.1]
Info: 2025.05.29.12:37:28 Info: Parameterizing module CLK
Info: 2025.05.29.12:37:28 Info: Adding DEBUG [altera_avalon_jtag_uart 23.1]
Info: 2025.05.29.12:37:28 Info: Parameterizing module DEBUG
Info: 2025.05.29.12:37:28 Info: Adding GPIO [altera_avalon_pio 23.1]
Info: 2025.05.29.12:37:28 Info: Parameterizing module GPIO
Info: 2025.05.29.12:37:28 Info: Adding NIOS [altera_nios2_gen2 23.1]
Info: 2025.05.29.12:37:28 Info: Parameterizing module NIOS
Info: 2025.05.29.12:37:28 Info: Adding RAM [altera_avalon_onchip_memory2 23.1]
Info: 2025.05.29.12:37:28 Info: Parameterizing module RAM
Info: 2025.05.29.12:37:28 Info: Adding SPI [altera_avalon_spi 23.1]
Info: 2025.05.29.12:37:28 Info: Parameterizing module SPI
Info: 2025.05.29.12:37:28 Info: Adding TIMER [altera_avalon_timer 23.1]
Info: 2025.05.29.12:37:28 Info: Parameterizing module TIMER
Info: 2025.05.29.12:37:28 Info: Building connections
Info: 2025.05.29.12:37:28 Info: Parameterizing connections
Info: 2025.05.29.12:37:28 Info: Validating
Info: 2025.05.29.12:37:29 Info: Done reading input file
Info: 2025.05.29.12:37:30 Info: ADS131A0X.DEBUG: JTAG UART IP input clock need to be at least double (2x) the operating frequency of JTAG TCK on board
Warning: 2025.05.29.12:37:30 Warning: ADS131A0X.NIOS: Nios II cores are not recommended for new projects and are subject to removal in a future release. Nios V cores are the recommended replacement as applicable.
Info: 2025.05.29.12:37:30 Info: ADS131A0X: Generating ADS131A0X "ADS131A0X" for SIM_VERILOG
Info: 2025.05.29.12:37:37 Info: DEBUG: Starting RTL generation for module 'ADS131A0X_DEBUG'
Info: 2025.05.29.12:37:38 Info: DEBUG: Done RTL generation for module 'ADS131A0X_DEBUG'
Info: 2025.05.29.12:37:38 Info: DEBUG: "ADS131A0X" instantiated altera_avalon_jtag_uart "DEBUG"
Info: 2025.05.29.12:37:38 Info: GPIO: Starting RTL generation for module 'ADS131A0X_GPIO'
Info: 2025.05.29.12:37:38 Info: GPIO: Done RTL generation for module 'ADS131A0X_GPIO'
Info: 2025.05.29.12:37:38 Info: GPIO: "ADS131A0X" instantiated altera_avalon_pio "GPIO"
Info: 2025.05.29.12:37:39 Info: NIOS: "ADS131A0X" instantiated altera_nios2_gen2 "NIOS"
Info: 2025.05.29.12:37:39 Info: RAM: Starting RTL generation for module 'ADS131A0X_RAM'
Info: 2025.05.29.12:37:40 Info: RAM: Done RTL generation for module 'ADS131A0X_RAM'
Info: 2025.05.29.12:37:40 Info: RAM: "ADS131A0X" instantiated altera_avalon_onchip_memory2 "RAM"
Info: 2025.05.29.12:37:40 Info: SPI: Starting RTL generation for module 'ADS131A0X_SPI'
Info: 2025.05.29.12:37:40 Info: SPI: Done RTL generation for module 'ADS131A0X_SPI'
Info: 2025.05.29.12:37:40 Info: SPI: "ADS131A0X" instantiated altera_avalon_spi "SPI"
Info: 2025.05.29.12:37:40 Info: TIMER: Starting RTL generation for module 'ADS131A0X_TIMER'
Info: 2025.05.29.12:37:40 Info: TIMER: Done RTL generation for module 'ADS131A0X_TIMER'
Info: 2025.05.29.12:37:40 Info: TIMER: "ADS131A0X" instantiated altera_avalon_timer "TIMER"
Info: 2025.05.29.12:37:47 Info: avalon_st_adapter: Inserting error_adapter: error_adapter_0
Info: 2025.05.29.12:37:48 Info: avalon_st_adapter_001: Inserting error_adapter: error_adapter_0
Info: 2025.05.29.12:37:48 Info: avalon_st_adapter_002: Inserting error_adapter: error_adapter_0
Info: 2025.05.29.12:37:49 Info: avalon_st_adapter_003: Inserting error_adapter: error_adapter_0
Info: 2025.05.29.12:37:50 Info: avalon_st_adapter_004: Inserting error_adapter: error_adapter_0
Info: 2025.05.29.12:37:50 Info: avalon_st_adapter_005: Inserting error_adapter: error_adapter_0
Info: 2025.05.29.12:37:55 Info: mm_interconnect_0: "ADS131A0X" instantiated altera_mm_interconnect "mm_interconnect_0"
Info: 2025.05.29.12:37:55 Info: irq_mapper: "ADS131A0X" instantiated altera_irq_mapper "irq_mapper"
Info: 2025.05.29.12:37:55 Info: rst_controller: "ADS131A0X" instantiated altera_reset_controller "rst_controller"
Info: 2025.05.29.12:37:55 Info: cpu: Starting RTL generation for module 'ADS131A0X_NIOS_cpu'
Info: 2025.05.29.12:37:55 Info: cpu:   Generation command is [exec C:/intelFPGA_lite/23.1std/quartus/bin64//perl/bin/perl.exe -I C:/intelFPGA_lite/23.1std/quartus/bin64//perl/lib -I C:/intelfpga_lite/23.1std/quartus/sopc_builder/bin/europa -I C:/intelfpga_lite/23.1std/quartus/sopc_builder/bin -I C:/intelfpga_lite/23.1std/quartus/../ip/altera/nios2_ip/altera_nios2_gen2/cpu_lib -I C:/intelfpga_lite/23.1std/quartus/../ip/altera/nios2_ip/altera_nios2_gen2/nios_lib -I C:/intelfpga_lite/23.1std/quartus/../ip/altera/nios2_ip/altera_nios2_gen2 -I C:/intelfpga_lite/23.1std/quartus/../ip/altera/nios2_ip/altera_nios2_gen2 -- C:/intelfpga_lite/23.1std/quartus/../ip/altera/nios2_ip/altera_nios2_gen2/generate_rtl.pl --name=ADS131A0X_NIOS_cpu --dir=C:/Users/GUAN-M~1.DEN/AppData/Local/Temp/alt0237_3993563328190152093.dir/0009_cpu_gen/ --quartus_bindir=C:/intelFPGA_lite/23.1std/quartus/bin64/ --verilog --config=C:/Users/GUAN-M~1.DEN/AppData/Local/Temp/alt0237_3993563328190152093.dir/0009_cpu_gen//ADS131A0X_NIOS_cpu_processor_configuration.pl  --do_build_sim=1    --sim_dir=C:/Users/GUAN-M~1.DEN/AppData/Local/Temp/alt0237_3993563328190152093.dir/0009_cpu_gen
Info: 2025.05.29.12:37:57 Info: cpu: # 2025.05.29 12:37:55 (*) Starting Nios II generation
Info: 2025.05.29.12:37:57 Info: cpu: # 2025.05.29 12:37:56 (*)   Elaborating CPU configuration settings
Info: 2025.05.29.12:37:57 Info: cpu: # 2025.05.29 12:37:56 (*)   Creating all objects for CPU
Info: 2025.05.29.12:37:57 Info: cpu: # 2025.05.29 12:37:56 (*)   Creating 'C:/Users/GUAN-M~1.DEN/AppData/Local/Temp/alt0237_3993563328190152093.dir/0009_cpu_gen/
Info: 2025.05.29.12:37:57 Info: cpu: # 2025.05.29 12:37:56 (*)   Generating RTL from CPU objects
Info: 2025.05.29.12:37:57 Info: cpu: # 2025.05.29 12:37:56 (*)   Creating plain-text RTL
Info: 2025.05.29.12:37:57 Info: cpu: # 2025.05.29 12:37:57 (*) Done Nios II generation
Info: 2025.05.29.12:37:57 Info: cpu: Done RTL generation for module 'ADS131A0X_NIOS_cpu'
Info: 2025.05.29.12:37:57 Info: cpu: "NIOS" instantiated altera_nios2_gen2_unit "cpu"
Info: 2025.05.29.12:37:57 Info: NIOS_data_master_translator: "mm_interconnect_0" instantiated altera_merlin_master_translator "NIOS_data_master_translator"
Info: 2025.05.29.12:37:57 Info: DEBUG_avalon_jtag_slave_translator: "mm_interconnect_0" instantiated altera_merlin_slave_translator "DEBUG_avalon_jtag_slave_translator"
Info: 2025.05.29.12:37:57 Info: NIOS_data_master_agent: "mm_interconnect_0" instantiated altera_merlin_master_agent "NIOS_data_master_agent"
Info: 2025.05.29.12:37:57 Info: DEBUG_avalon_jtag_slave_agent: "mm_interconnect_0" instantiated altera_merlin_slave_agent "DEBUG_avalon_jtag_slave_agent"
Info: 2025.05.29.12:37:57 Info: DEBUG_avalon_jtag_slave_agent_rsp_fifo: "mm_interconnect_0" instantiated altera_avalon_sc_fifo "DEBUG_avalon_jtag_slave_agent_rsp_fifo"
Info: 2025.05.29.12:37:57 Info: router: "mm_interconnect_0" instantiated altera_merlin_router "router"
Info: 2025.05.29.12:37:57 Info: router_001: "mm_interconnect_0" instantiated altera_merlin_router "router_001"
Info: 2025.05.29.12:37:57 Info: router_002: "mm_interconnect_0" instantiated altera_merlin_router "router_002"
Info: 2025.05.29.12:37:57 Info: router_003: "mm_interconnect_0" instantiated altera_merlin_router "router_003"
Info: 2025.05.29.12:37:57 Info: cmd_demux: "mm_interconnect_0" instantiated altera_merlin_demultiplexer "cmd_demux"
Info: 2025.05.29.12:37:57 Info: cmd_demux_001: "mm_interconnect_0" instantiated altera_merlin_demultiplexer "cmd_demux_001"
Info: 2025.05.29.12:37:57 Info: cmd_mux: "mm_interconnect_0" instantiated altera_merlin_multiplexer "cmd_mux"
Info: 2025.05.29.12:37:57 Info: cmd_mux_001: "mm_interconnect_0" instantiated altera_merlin_multiplexer "cmd_mux_001"
Info: 2025.05.29.12:37:57 Info: Reusing file C:/Users/guan-ming.dennis-won/Documents/Code/ADS131A0X_Library/ADS131A0X/simulation/submodules
Info: 2025.05.29.12:37:57 Info: rsp_demux: "mm_interconnect_0" instantiated altera_merlin_demultiplexer "rsp_demux"
Info: 2025.05.29.12:37:57 Info: rsp_mux: "mm_interconnect_0" instantiated altera_merlin_multiplexer "rsp_mux"
Info: 2025.05.29.12:37:57 Info: Reusing file C:/Users/guan-ming.dennis-won/Documents/Code/ADS131A0X_Library/ADS131A0X/simulation/submodules
Info: 2025.05.29.12:37:57 Info: rsp_mux_001: "mm_interconnect_0" instantiated altera_merlin_multiplexer "rsp_mux_001"
Info: 2025.05.29.12:37:57 Info: Reusing file C:/Users/guan-ming.dennis-won/Documents/Code/ADS131A0X_Library/ADS131A0X/simulation/submodules
Info: 2025.05.29.12:37:58 Info: avalon_st_adapter: "mm_interconnect_0" instantiated altera_avalon_st_adapter "avalon_st_adapter"
Info: 2025.05.29.12:37:58 Info: error_adapter_0: "avalon_st_adapter" instantiated error_adapter "error_adapter_0"
Info: 2025.05.29.12:37:58 Info: ADS131A0X: Done "ADS131A0X" with 29 modules, 49 files
Info: 2025.05.29.12:37:58 Info: qsys-generate succeeded.
Info: 2025.05.29.12:37:58 Info: Finished: Create simulation model
Info: 2025.05.29.12:37:58 Info: Starting: Create Modelsim Project.
Info: 2025.05.29.12:37:58 Info: sim-script-gen --spd=C:\Users\guan-ming.dennis-won\Documents\Code\ADS131A0X_Library\ADS131A0X\ADS131A0X.spd --output-directory=C:/Users/guan-ming.dennis-won/Documents/Code/ADS131A0X_Library/ADS131A0X/simulation
Info: 2025.05.29.12:37:58 Info: Doing: ip-make-simscript --spd=C:\Users\guan-ming.dennis-won\Documents\Code\ADS131A0X_Library\ADS131A0X\ADS131A0X.spd --output-directory=C:/Users/guan-ming.dennis-won/Documents/Code/ADS131A0X_Library/ADS131A0X/simulation
Info: 2025.05.29.12:37:59 Info: Generating the following file(s) for MODELSIM simulator in C:/Users/guan-ming.dennis-won/Documents/Code/ADS131A0X_Library/ADS131A0X/simulation
Info: 2025.05.29.12:37:59 Info:     mentor
Info: 2025.05.29.12:37:59 Info: Generating the following file(s) for RIVIERA simulator in C:/Users/guan-ming.dennis-won/Documents/Code/ADS131A0X_Library/ADS131A0X/simulation
Info: 2025.05.29.12:37:59 Info:     aldec
Info: 2025.05.29.12:37:59 Info: For information on how to simulate your IP, see the explanatory comments in the simulator-specific subdirectories under C:/Users/guan-ming.dennis-won/Documents/Code/ADS131A0X_Library/ADS131A0X/simulation
Info: 2025.05.29.12:37:59 Info: Regenerate these scripts whenever you make any change to any Quartus-generated IP in your project.
Info: 2025.05.29.12:37:59 Info: Finished: Create Modelsim Project.
Info: 2025.05.29.12:37:59 Info: Starting: Create block symbol file (.bsf)
Info: 2025.05.29.12:37:59 Info: qsys-generate C:\Users\guan-ming.dennis-won\Documents\Code\ADS131A0X_Library\ADS131A0X.qsys --block-symbol-file --output-directory=C:\Users\guan-ming.dennis-won\Documents\Code\ADS131A0X_Library\ADS131A0X --family="Cyclone 10 LP" --part=10CL040YF484C8G
Info: 2025.05.29.12:37:59 Info: Loading ADS131A0X_Library
Info: 2025.05.29.12:38:00 Info: Reading input file
Info: 2025.05.29.12:38:00 Info: Adding CLK [clock_source 23.1]
Info: 2025.05.29.12:38:00 Info: Parameterizing module CLK
Info: 2025.05.29.12:38:00 Info: Adding DEBUG [altera_avalon_jtag_uart 23.1]
Info: 2025.05.29.12:38:00 Info: Parameterizing module DEBUG
Info: 2025.05.29.12:38:00 Info: Adding GPIO [altera_avalon_pio 23.1]
Info: 2025.05.29.12:38:00 Info: Parameterizing module GPIO
Info: 2025.05.29.12:38:00 Info: Adding NIOS [altera_nios2_gen2 23.1]
Info: 2025.05.29.12:38:00 Info: Parameterizing module NIOS
Info: 2025.05.29.12:38:00 Info: Adding RAM [altera_avalon_onchip_memory2 23.1]
Info: 2025.05.29.12:38:00 Info: Parameterizing module RAM
Info: 2025.05.29.12:38:00 Info: Adding SPI [altera_avalon_spi 23.1]
Info: 2025.05.29.12:38:00 Info: Parameterizing module SPI
Info: 2025.05.29.12:38:00 Info: Adding TIMER [altera_avalon_timer 23.1]
Info: 2025.05.29.12:38:00 Info: Parameterizing module TIMER
Info: 2025.05.29.12:38:00 Info: Building connections
Info: 2025.05.29.12:38:00 Info: Parameterizing connections
Info: 2025.05.29.12:38:00 Info: Validating
Info: 2025.05.29.12:38:00 Info: Done reading input file
Info: 2025.05.29.12:38:02 Info: ADS131A0X.DEBUG: JTAG UART IP input clock need to be at least double (2x) the operating frequency of JTAG TCK on board
Warning: 2025.05.29.12:38:02 Warning: ADS131A0X.NIOS: Nios II cores are not recommended for new projects and are subject to removal in a future release. Nios V cores are the recommended replacement as applicable.
Info: 2025.05.29.12:38:02 Info: qsys-generate succeeded.
Info: 2025.05.29.12:38:02 Info: Finished: Create block symbol file (.bsf)
Info: 2025.05.29.12:38:02 Info:
Info: 2025.05.29.12:38:02 Info: Starting: Create HDL design files for synthesis
Info: 2025.05.29.12:38:02 Info: qsys-generate C:\Users\guan-ming.dennis-won\Documents\Code\ADS131A0X_Library\ADS131A0X.qsys --synthesis=VERILOG --output-directory=C:\Users\guan-ming.dennis-won\Documents\Code\ADS131A0X_Library\ADS131A0X\synthesis --family="Cyclone 10 LP" --part=10CL040YF484C8G
Info: 2025.05.29.12:38:02 Info: Loading ADS131A0X_Library
Info: 2025.05.29.12:38:03 Info: Reading input file
Info: 2025.05.29.12:38:03 Info: Adding CLK [clock_source 23.1]
Info: 2025.05.29.12:38:03 Info: Parameterizing module CLK
Info: 2025.05.29.12:38:03 Info: Adding DEBUG [altera_avalon_jtag_uart 23.1]
Info: 2025.05.29.12:38:03 Info: Parameterizing module DEBUG
Info: 2025.05.29.12:38:03 Info: Adding GPIO [altera_avalon_pio 23.1]
Info: 2025.05.29.12:38:03 Info: Parameterizing module GPIO
Info: 2025.05.29.12:38:03 Info: Adding NIOS [altera_nios2_gen2 23.1]
Info: 2025.05.29.12:38:03 Info: Parameterizing module NIOS
Info: 2025.05.29.12:38:03 Info: Adding RAM [altera_avalon_onchip_memory2 23.1]
Info: 2025.05.29.12:38:03 Info: Parameterizing module RAM
Info: 2025.05.29.12:38:03 Info: Adding SPI [altera_avalon_spi 23.1]
Info: 2025.05.29.12:38:03 Info: Parameterizing module SPI
Info: 2025.05.29.12:38:03 Info: Adding TIMER [altera_avalon_timer 23.1]
Info: 2025.05.29.12:38:03 Info: Parameterizing module TIMER
Info: 2025.05.29.12:38:03 Info: Building connections
Info: 2025.05.29.12:38:03 Info: Parameterizing connections
Info: 2025.05.29.12:38:03 Info: Validating
Info: 2025.05.29.12:38:04 Info: Done reading input file
Info: 2025.05.29.12:38:05 Info: ADS131A0X.DEBUG: JTAG UART IP input clock need to be at least double (2x) the operating frequency of JTAG TCK on board
Warning: 2025.05.29.12:38:05 Warning: ADS131A0X.NIOS: Nios II cores are not recommended for new projects and are subject to removal in a future release. Nios V cores are the recommended replacement as applicable.
Info: 2025.05.29.12:38:05 Info: ADS131A0X: Generating ADS131A0X "ADS131A0X" for QUARTUS_SYNTH
Info: 2025.05.29.12:38:11 Info: DEBUG: Starting RTL generation for module 'ADS131A0X_DEBUG'
Info: 2025.05.29.12:38:12 Info: DEBUG: Done RTL generation for module 'ADS131A0X_DEBUG'
Info: 2025.05.29.12:38:12 Info: DEBUG: "ADS131A0X" instantiated altera_avalon_jtag_uart "DEBUG"
Info: 2025.05.29.12:38:12 Info: GPIO: Starting RTL generation for module 'ADS131A0X_GPIO'
Info: 2025.05.29.12:38:12 Info: GPIO: Done RTL generation for module 'ADS131A0X_GPIO'
Info: 2025.05.29.12:38:12 Info: GPIO: "ADS131A0X" instantiated altera_avalon_pio "GPIO"
Info: 2025.05.29.12:38:13 Info: NIOS: "ADS131A0X" instantiated altera_nios2_gen2 "NIOS"
Info: 2025.05.29.12:38:13 Info: RAM: Starting RTL generation for module 'ADS131A0X_RAM'
Info: 2025.05.29.12:38:13 Info: RAM: Done RTL generation for module 'ADS131A0X_RAM'
Info: 2025.05.29.12:38:13 Info: RAM: "ADS131A0X" instantiated altera_avalon_onchip_memory2 "RAM"
Info: 2025.05.29.12:38:14 Info: SPI: Starting RTL generation for module 'ADS131A0X_SPI'
Info: 2025.05.29.12:38:14 Info: SPI: Done RTL generation for module 'ADS131A0X_SPI'
Info: 2025.05.29.12:38:14 Info: SPI: "ADS131A0X" instantiated altera_avalon_spi "SPI"
Info: 2025.05.29.12:38:14 Info: TIMER: Starting RTL generation for module 'ADS131A0X_TIMER'
Info: 2025.05.29.12:38:14 Info: TIMER: Done RTL generation for module 'ADS131A0X_TIMER'
Info: 2025.05.29.12:38:14 Info: TIMER: "ADS131A0X" instantiated altera_avalon_timer "TIMER"
Info: 2025.05.29.12:38:21 Info: avalon_st_adapter: Inserting error_adapter: error_adapter_0
Info: 2025.05.29.12:38:21 Info: avalon_st_adapter_001: Inserting error_adapter: error_adapter_0
Info: 2025.05.29.12:38:22 Info: avalon_st_adapter_002: Inserting error_adapter: error_adapter_0
Info: 2025.05.29.12:38:22 Info: avalon_st_adapter_003: Inserting error_adapter: error_adapter_0
Info: 2025.05.29.12:38:23 Info: avalon_st_adapter_004: Inserting error_adapter: error_adapter_0
Info: 2025.05.29.12:38:24 Info: avalon_st_adapter_005: Inserting error_adapter: error_adapter_0
Info: 2025.05.29.12:38:28 Info: mm_interconnect_0: "ADS131A0X" instantiated altera_mm_interconnect "mm_interconnect_0"
Info: 2025.05.29.12:38:28 Info: irq_mapper: "ADS131A0X" instantiated altera_irq_mapper "irq_mapper"
Info: 2025.05.29.12:38:28 Info: rst_controller: "ADS131A0X" instantiated altera_reset_controller "rst_controller"
Info: 2025.05.29.12:38:28 Info: cpu: Starting RTL generation for module 'ADS131A0X_NIOS_cpu'
Info: 2025.05.29.12:38:28 Info: cpu:   Generation command is [exec C:/intelFPGA_lite/23.1std/quartus/bin64//perl/bin/perl.exe -I C:/intelFPGA_lite/23.1std/quartus/bin64//perl/lib -I C:/intelfpga_lite/23.1std/quartus/sopc_builder/bin/europa -I C:/intelfpga_lite/23.1std/quartus/sopc_builder/bin -I C:/intelfpga_lite/23.1std/quartus/../ip/altera/nios2_ip/altera_nios2_gen2/cpu_lib -I C:/intelfpga_lite/23.1std/quartus/../ip/altera/nios2_ip/altera_nios2_gen2/nios_lib -I C:/intelfpga_lite/23.1std/quartus/../ip/altera/nios2_ip/altera_nios2_gen2 -I C:/intelfpga_lite/23.1std/quartus/../ip/altera/nios2_ip/altera_nios2_gen2 -- C:/intelfpga_lite/23.1std/quartus/../ip/altera/nios2_ip/altera_nios2_gen2/generate_rtl.pl --name=ADS131A0X_NIOS_cpu --dir=C:/Users/GUAN-M~1.DEN/AppData/Local/Temp/alt0237_3993563328190152093.dir/0035_cpu_gen/ --quartus_bindir=C:/intelFPGA_lite/23.1std/quartus/bin64/ --verilog --config=C:/Users/GUAN-M~1.DEN/AppData/Local/Temp/alt0237_3993563328190152093.dir/0035_cpu_gen/
Info: 2025.05.29.12:38:29 Info: cpu: # 2025.05.29 12:38:28 (*) Starting Nios II generation
Info: 2025.05.29.12:38:29 Info: cpu: # 2025.05.29 12:38:28 (*)   Elaborating CPU configuration settings
Info: 2025.05.29.12:38:29 Info: cpu: # 2025.05.29 12:38:28 (*)   Creating all objects for CPU
Info: 2025.05.29.12:38:29 Info: cpu: # 2025.05.29 12:38:29 (*)   Generating RTL from CPU objects
Info: 2025.05.29.12:38:29 Info: cpu: # 2025.05.29 12:38:29 (*)   Creating plain-text RTL
Info: 2025.05.29.12:38:29 Info: cpu: # 2025.05.29 12:38:29 (*) Done Nios II generation
Info: 2025.05.29.12:38:29 Info: cpu: Done RTL generation for module 'ADS131A0X_NIOS_cpu'
Info: 2025.05.29.12:38:29 Info: cpu: "NIOS" instantiated altera_nios2_gen2_unit "cpu"
Info: 2025.05.29.12:38:29 Info: NIOS_data_master_translator: "mm_interconnect_0" instantiated altera_merlin_master_translator "NIOS_data_master_translator"
Info: 2025.05.29.12:38:29 Info: DEBUG_avalon_jtag_slave_translator: "mm_interconnect_0" instantiated altera_merlin_slave_translator "DEBUG_avalon_jtag_slave_translator"
Info: 2025.05.29.12:38:29 Info: NIOS_data_master_agent: "mm_interconnect_0" instantiated altera_merlin_master_agent "NIOS_data_master_agent"
Info: 2025.05.29.12:38:29 Info: DEBUG_avalon_jtag_slave_agent: "mm_interconnect_0" instantiated altera_merlin_slave_agent "DEBUG_avalon_jtag_slave_agent"
Info: 2025.05.29.12:38:29 Info: DEBUG_avalon_jtag_slave_agent_rsp_fifo: "mm_interconnect_0" instantiated altera_avalon_sc_fifo "DEBUG_avalon_jtag_slave_agent_rsp_fifo"
Info: 2025.05.29.12:38:30 Info: router: "mm_interconnect_0" instantiated altera_merlin_router "router"
Info: 2025.05.29.12:38:30 Info: router_001: "mm_interconnect_0" instantiated altera_merlin_router "router_001"
Info: 2025.05.29.12:38:30 Info: router_002: "mm_interconnect_0" instantiated altera_merlin_router "router_002"
Info: 2025.05.29.12:38:30 Info: router_003: "mm_interconnect_0" instantiated altera_merlin_router "router_003"
Info: 2025.05.29.12:38:30 Info: cmd_demux: "mm_interconnect_0" instantiated altera_merlin_demultiplexer "cmd_demux"
Info: 2025.05.29.12:38:30 Info: cmd_demux_001: "mm_interconnect_0" instantiated altera_merlin_demultiplexer "cmd_demux_001"
Info: 2025.05.29.12:38:30 Info: cmd_mux: "mm_interconnect_0" instantiated altera_merlin_multiplexer "cmd_mux"
Info: 2025.05.29.12:38:30 Info: cmd_mux_001: "mm_interconnect_0" instantiated altera_merlin_multiplexer "cmd_mux_001"
Info: 2025.05.29.12:38:30 Info: Reusing file C:/Users/guan-ming.dennis-won/Documents/Code/ADS131A0X_Library/ADS131A0X/synthesis/submodules
Info: 2025.05.29.12:38:30 Info: rsp_demux: "mm_interconnect_0" instantiated altera_merlin_demultiplexer "rsp_demux"
Info: 2025.05.29.12:38:30 Info: rsp_mux: "mm_interconnect_0" instantiated altera_merlin_multiplexer "rsp_mux"
Info: 2025.05.29.12:38:30 Info: Reusing file C:/Users/guan-ming.dennis-won/Documents/Code/ADS131A0X_Library/ADS131A0X/synthesis/submodules
Info: 2025.05.29.12:38:30 Info: rsp_mux_001: "mm_interconnect_0" instantiated altera_merlin_multiplexer "rsp_mux_001"
Info: 2025.05.29.12:38:30 Info: Reusing file C:/Users/guan-ming.dennis-won/Documents/Code/ADS131A0X_Library/ADS131A0X/synthesis/submodules
Info: 2025.05.29.12:38:31 Info: avalon_st_adapter: "mm_interconnect_0" instantiated altera_avalon_st_adapter "avalon_st_adapter"
Info: 2025.05.29.12:38:31 Info: error_adapter_0: "avalon_st_adapter" instantiated error_adapter "error_adapter_0"
Info: 2025.05.29.12:38:31 Info: ADS131A0X: Done "ADS131A0X" with 29 modules, 42 files
Info: 2025.05.29.12:38:31 Info: qsys-generate succeeded.
Info: 2025.05.29.12:38:31 Info: Finished: Create HDL design files for synthesis
Info (11902): Backing up file "clock_synthesis_module.v" to "clock_synthesis_module.BAK.v"
Info (11837): Started upgrading IP component ALTPLL with file "clock_synthesis_module.v"
Info (11131): Completed upgrading IP component Qsys with file "ADS131A0X.qsys"
Info (11131): Completed upgrading IP component ALTPLL with file "clock_synthesis_module.v"
Info (23030): Evaluation of Tcl script c:/intelfpga_lite/23.1std/quartus/common/tcl/internal/ip_regen/ip_regen.tcl was successful
Info: Quartus Prime Shell was successful. 0 errors, 3 warnings
    Info: Peak virtual memory: 4865 megabytes
    Info: Processing ended: Thu May 29 12:38:33 2025
    Info: Elapsed time: 00:01:30
    Info: Total CPU time (on all processors): 00:00:48


