09:54:00 **** Incremental Build of configuration Nios II for project ADS131A0X ****
make all 
Info: Building ../ADS131A0X_bsp/
C:/intelFPGA_lite/18.1/nios2eds/bin/gnu/H-x86_64-mingw32/bin/make --no-print-directory -C ../ADS131A0X_bsp/
[BSP build complete]
Info: Compiling hello_world_small.c to obj/default/hello_world_small.o
nios2-elf-gcc -xc -MP -MMD -c -I../ADS131A0X_bsp//HAL/inc -I../ADS131A0X_bsp/ -I../ADS131A0X_bsp//drivers/inc  -pipe -D__hal__ -DALT_NO_C_PLUS_PLUS -DALT_NO_CLEAN_EXIT -D'exit(a)=_exit(a)' -DALT_NO_EXIT -DALT_USE_DIRECT_DRIVERS -DALT_NO_INSTRUCTION_EMULATION -DALT_USE_SMALL_DRIVERS -DSMALL_C_LIB -DALT_SINGLE_THREADED    -Os -g -Wall   -mno-hw-div -mno-hw-mul -mno-hw-mulx -mgpopt=global  -o obj/default/hello_world_small.o hello_world_small.c
hello_world_small.c: In function 'delay_ms':
hello_world_small.c:60:5: warning: implicit declaration of function 'usleep' [-Wimplicit-function-declaration]
     usleep(milliseconds * 1000);  // Convert to microseconds
     ^
hello_world_small.c: In function 'main':
hello_world_small.c:68:9: warning: unused variable 'rx_data' [-Wunused-variable]
  alt_u8 rx_data[2];
         ^
hello_world_small.c:66:10: warning: unused variable 'status' [-Wunused-variable]
  alt_u32 status;
          ^
Info: Linking ADS131A0X.elf
nios2-elf-g++  -T'../ADS131A0X_bsp//linker.x' -msys-crt0='../ADS131A0X_bsp//obj/HAL/src/crt0.o' -msys-lib=hal_bsp -L../ADS131A0X_bsp/  -msmallc  -Wl,-Map=ADS131A0X.map   -Os -g -Wall   -mno-hw-div -mno-hw-mul -mno-hw-mulx -mgpopt=global  -o ADS131A0X.elf obj/default/hello_world_small.o -lm -msys-lib=m
nios2-elf-insert ADS131A0X.elf --thread_model hal --cpu_name HelloNios --qsys true --simulation_enabled false --stderr_dev DEBUG --stdin_dev DEBUG --stdout_dev DEBUG --sopc_system_name My_First_NIOS_II_Platform_Designer --quartus_project_dir "C:/Users/guan-ming.dennis-won/Documents/Code/Workspace/Workspace/Cyclone_10_LP/NIOS_II" --jdi ../..//output_files/My_First_NIOS_II.jdi --sopcinfo C:/Users/guan-ming.dennis-won/Documents/Code/Workspace/Workspace/Cyclone_10_LP/NIOS_II/software/ADS131A0X_bsp/../../My_First_NIOS_II_Platform_Designer.sopcinfo
Info: (ADS131A0X.elf) 2776 Bytes program size (code + initialized data).
Info:                 1312 Bytes free for stack + heap.
Info: Creating ADS131A0X.objdump
nios2-elf-objdump --disassemble --syms --all-header --source ADS131A0X.elf >ADS131A0X.objdump
[ADS131A0X build complete]

09:54:02 Build Finished (took 2s.323ms)

