Analysis & Synthesis report for ADS131A0X
Fri Feb 07 16:58:51 2025
Quartus Prime Version 18.1.0 Build 625 09/12/2018 SJ Lite Edition


---------------------
; Table of Contents ;
---------------------
  1. Legal Notice
  2. Analysis & Synthesis Summary
  3. Analysis & Synthesis Settings
  4. Parallel Compilation
  5. Analysis & Synthesis Source Files Read
  6. Analysis & Synthesis Resource Usage Summary
  7. Analysis & Synthesis Resource Utilization by Entity
  8. State Machine - |ADS131A0X|SPI_Master:SPI_Master_uut|current_state
  9. User-Specified and Inferred Latches
 10. Registers Removed During Synthesis
 11. General Register Statistics
 12. Multiplexer Restructuring Statistics (Restructuring Performed)
 13. Parameter Settings for User Entity Instance: clock_synthesizer:clock_synthesizer_uut_1
 14. Parameter Settings for User Entity Instance: SPI_Master:SPI_Master_uut|clock_synthesizer:clock_synthesizer_uut_0
 15. Port Connectivity Checks: "SPI_Master:SPI_Master_uut"
 16. Post-Synthesis Netlist Statistics for Top Partition
 17. Elapsed Time Per Partition
 18. Analysis & Synthesis Messages
 19. Analysis & Synthesis Suppressed Messages



----------------
; Legal Notice ;
----------------
Copyright (C) 2018  Intel Corporation. All rights reserved.
Your use of Intel Corporation's design tools, logic functions 
and other software and tools, and its AMPP partner logic 
functions, and any output files from any of the foregoing 
(including device programming or simulation files), and any 
associated documentation or information are expressly subject 
to the terms and conditions of the Intel Program License 
Subscription Agreement, the Intel Quartus Prime License Agreement,
the Intel FPGA IP License Agreement, or other applicable license
agreement, including, without limitation, that your use is for
the sole purpose of programming logic devices manufactured by
Intel and sold by Intel or its authorized distributors.  Please
refer to the applicable agreement for further details.



+----------------------------------------------------------------------------------+
; Analysis & Synthesis Summary                                                     ;
+------------------------------------+---------------------------------------------+
; Analysis & Synthesis Status        ; Successful - Fri Feb 07 16:58:51 2025       ;
; Quartus Prime Version              ; 18.1.0 Build 625 09/12/2018 SJ Lite Edition ;
; Revision Name                      ; ADS131A0X                                   ;
; Top-level Entity Name              ; ADS131A0X                                   ;
; Family                             ; Cyclone 10 LP                               ;
; Total logic elements               ; 210                                         ;
;     Total combinational functions  ; 210                                         ;
;     Dedicated logic registers      ; 139                                         ;
; Total registers                    ; 139                                         ;
; Total pins                         ; 17                                          ;
; Total virtual pins                 ; 0                                           ;
; Total memory bits                  ; 0                                           ;
; Embedded Multiplier 9-bit elements ; 0                                           ;
; Total PLLs                         ; 0                                           ;
+------------------------------------+---------------------------------------------+


+------------------------------------------------------------------------------------------------------------+
; Analysis & Synthesis Settings                                                                              ;
+------------------------------------------------------------------+--------------------+--------------------+
; Option                                                           ; Setting            ; Default Value      ;
+------------------------------------------------------------------+--------------------+--------------------+
; Device                                                           ; 10CL025YU256I7G    ;                    ;
; Top-level entity name                                            ; ADS131A0X          ; ADS131A0X          ;
; Family name                                                      ; Cyclone 10 LP      ; Cyclone V          ;
; Use smart compilation                                            ; Off                ; Off                ;
; Enable parallel Assembler and Timing Analyzer during compilation ; On                 ; On                 ;
; Enable compact report table                                      ; Off                ; Off                ;
; Restructure Multiplexers                                         ; Auto               ; Auto               ;
; Create Debugging Nodes for IP Cores                              ; Off                ; Off                ;
; Preserve fewer node names                                        ; On                 ; On                 ;
; Intel FPGA IP Evaluation Mode                                    ; Enable             ; Enable             ;
; Verilog Version                                                  ; Verilog_2001       ; Verilog_2001       ;
; VHDL Version                                                     ; VHDL_1993          ; VHDL_1993          ;
; State Machine Processing                                         ; Auto               ; Auto               ;
; Safe State Machine                                               ; Off                ; Off                ;
; Extract Verilog State Machines                                   ; On                 ; On                 ;
; Extract VHDL State Machines                                      ; On                 ; On                 ;
; Ignore Verilog initial constructs                                ; Off                ; Off                ;
; Iteration limit for constant Verilog loops                       ; 5000               ; 5000               ;
; Iteration limit for non-constant Verilog loops                   ; 250                ; 250                ;
; Add Pass-Through Logic to Inferred RAMs                          ; On                 ; On                 ;
; Infer RAMs from Raw Logic                                        ; On                 ; On                 ;
; Parallel Synthesis                                               ; On                 ; On                 ;
; DSP Block Balancing                                              ; Auto               ; Auto               ;
; NOT Gate Push-Back                                               ; On                 ; On                 ;
; Power-Up Don't Care                                              ; On                 ; On                 ;
; Remove Redundant Logic Cells                                     ; Off                ; Off                ;
; Remove Duplicate Registers                                       ; On                 ; On                 ;
; Ignore CARRY Buffers                                             ; Off                ; Off                ;
; Ignore CASCADE Buffers                                           ; Off                ; Off                ;
; Ignore GLOBAL Buffers                                            ; Off                ; Off                ;
; Ignore ROW GLOBAL Buffers                                        ; Off                ; Off                ;
; Ignore LCELL Buffers                                             ; Off                ; Off                ;
; Ignore SOFT Buffers                                              ; On                 ; On                 ;
; Limit AHDL Integers to 32 Bits                                   ; Off                ; Off                ;
; Optimization Technique                                           ; Balanced           ; Balanced           ;
; Carry Chain Length                                               ; 70                 ; 70                 ;
; Auto Carry Chains                                                ; On                 ; On                 ;
; Auto Open-Drain Pins                                             ; On                 ; On                 ;
; Perform WYSIWYG Primitive Resynthesis                            ; Off                ; Off                ;
; Auto ROM Replacement                                             ; On                 ; On                 ;
; Auto RAM Replacement                                             ; On                 ; On                 ;
; Auto DSP Block Replacement                                       ; On                 ; On                 ;
; Auto Shift Register Replacement                                  ; Auto               ; Auto               ;
; Allow Shift Register Merging across Hierarchies                  ; Auto               ; Auto               ;
; Auto Clock Enable Replacement                                    ; On                 ; On                 ;
; Strict RAM Replacement                                           ; Off                ; Off                ;
; Allow Synchronous Control Signals                                ; On                 ; On                 ;
; Force Use of Synchronous Clear Signals                           ; Off                ; Off                ;
; Auto RAM Block Balancing                                         ; On                 ; On                 ;
; Auto RAM to Logic Cell Conversion                                ; Off                ; Off                ;
; Auto Resource Sharing                                            ; Off                ; Off                ;
; Allow Any RAM Size For Recognition                               ; Off                ; Off                ;
; Allow Any ROM Size For Recognition                               ; Off                ; Off                ;
; Allow Any Shift Register Size For Recognition                    ; Off                ; Off                ;
; Use LogicLock Constraints during Resource Balancing              ; On                 ; On                 ;
; Ignore translate_off and synthesis_off directives                ; Off                ; Off                ;
; Timing-Driven Synthesis                                          ; On                 ; On                 ;
; Report Parameter Settings                                        ; On                 ; On                 ;
; Report Source Assignments                                        ; On                 ; On                 ;
; Report Connectivity Checks                                       ; On                 ; On                 ;
; Ignore Maximum Fan-Out Assignments                               ; Off                ; Off                ;
; Synchronization Register Chain Length                            ; 2                  ; 2                  ;
; Power Optimization During Synthesis                              ; Normal compilation ; Normal compilation ;
; HDL message level                                                ; Level2             ; Level2             ;
; Suppress Register Optimization Related Messages                  ; Off                ; Off                ;
; Number of Removed Registers Reported in Synthesis Report         ; 5000               ; 5000               ;
; Number of Swept Nodes Reported in Synthesis Report               ; 5000               ; 5000               ;
; Number of Inverted Registers Reported in Synthesis Report        ; 100                ; 100                ;
; Clock MUX Protection                                             ; On                 ; On                 ;
; Auto Gated Clock Conversion                                      ; Off                ; Off                ;
; Block Design Naming                                              ; Auto               ; Auto               ;
; SDC constraint protection                                        ; Off                ; Off                ;
; Synthesis Effort                                                 ; Auto               ; Auto               ;
; Shift Register Replacement - Allow Asynchronous Clear Signal     ; On                 ; On                 ;
; Pre-Mapping Resynthesis Optimization                             ; Off                ; Off                ;
; Analysis & Synthesis Message Level                               ; Medium             ; Medium             ;
; Disable Register Merging Across Hierarchies                      ; Auto               ; Auto               ;
; Resource Aware Inference For Block RAM                           ; On                 ; On                 ;
+------------------------------------------------------------------+--------------------+--------------------+


+------------------------------------------+
; Parallel Compilation                     ;
+----------------------------+-------------+
; Processors                 ; Number      ;
+----------------------------+-------------+
; Number detected on machine ; 8           ;
; Maximum allowed            ; 4           ;
;                            ;             ;
; Average used               ; 1.00        ;
; Maximum used               ; 4           ;
;                            ;             ;
; Usage by Processor         ; % Time Used ;
;     Processor 1            ; 100.0%      ;
;     Processors 2-4         ;   0.1%      ;
+----------------------------+-------------+


+-----------------------------------------------------------------------------------------------------------------------------------------------------------------------------+
; Analysis & Synthesis Source Files Read                                                                                                                                      ;
+----------------------------------+-----------------+------------------------+-------------------------------------------------------------------------------------+---------+
; File Name with User-Entered Path ; Used in Netlist ; File Type              ; File Name with Absolute Path                                                        ; Library ;
+----------------------------------+-----------------+------------------------+-------------------------------------------------------------------------------------+---------+
; ADS131A0X.v                      ; yes             ; User Verilog HDL File  ; C:/Users/guan-ming.dennis-won/Documents/Code/ADS131A0X_Library/ADS131A0X.v          ;         ;
; heartbeat.v                      ; yes             ; User Verilog HDL File  ; C:/Users/guan-ming.dennis-won/Documents/Code/ADS131A0X_Library/heartbeat.v          ;         ;
; clock_synthesizer.v              ; yes             ; User Verilog HDL File  ; C:/Users/guan-ming.dennis-won/Documents/Code/ADS131A0X_Library/clock_synthesizer.v  ;         ;
; SPI_master.v                     ; yes             ; User Verilog HDL File  ; C:/Users/guan-ming.dennis-won/Documents/Code/ADS131A0X_Library/SPI_master.v         ;         ;
; spi_sclk_generator.v             ; yes             ; User Verilog HDL File  ; C:/Users/guan-ming.dennis-won/Documents/Code/ADS131A0X_Library/spi_sclk_generator.v ;         ;
+----------------------------------+-----------------+------------------------+-------------------------------------------------------------------------------------+---------+


+------------------------------------------------------------------+
; Analysis & Synthesis Resource Usage Summary                      ;
+---------------------------------------------+--------------------+
; Resource                                    ; Usage              ;
+---------------------------------------------+--------------------+
; Estimated Total logic elements              ; 210                ;
;                                             ;                    ;
; Total combinational functions               ; 210                ;
; Logic element usage by number of LUT inputs ;                    ;
;     -- 4 input functions                    ; 52                 ;
;     -- 3 input functions                    ; 10                 ;
;     -- <=2 input functions                  ; 148                ;
;                                             ;                    ;
; Logic elements by mode                      ;                    ;
;     -- normal mode                          ; 86                 ;
;     -- arithmetic mode                      ; 124                ;
;                                             ;                    ;
; Total registers                             ; 139                ;
;     -- Dedicated logic registers            ; 139                ;
;     -- I/O registers                        ; 0                  ;
;                                             ;                    ;
; I/O pins                                    ; 17                 ;
;                                             ;                    ;
; Embedded Multiplier 9-bit elements          ; 0                  ;
;                                             ;                    ;
; Maximum fan-out node                        ; system_clock~input ;
; Maximum fan-out                             ; 101                ;
; Total fan-out                               ; 966                ;
; Average fan-out                             ; 2.52               ;
+---------------------------------------------+--------------------+


+---------------------------------------------------------------------------------------------------------------------------------------------------------------------------------------------------------------------------------------------------------------------------------------------------+
; Analysis & Synthesis Resource Utilization by Entity                                                                                                                                                                                                                                               ;
+---------------------------------------------------+---------------------+---------------------------+-------------+--------------+---------+-----------+------+--------------+--------------------------------------------------------------------------------+--------------------+--------------+
; Compilation Hierarchy Node                        ; Combinational ALUTs ; Dedicated Logic Registers ; Memory Bits ; DSP Elements ; DSP 9x9 ; DSP 18x18 ; Pins ; Virtual Pins ; Full Hierarchy Name                                                            ; Entity Name        ; Library Name ;
+---------------------------------------------------+---------------------+---------------------------+-------------+--------------+---------+-----------+------+--------------+--------------------------------------------------------------------------------+--------------------+--------------+
; |ADS131A0X                                        ; 210 (0)             ; 139 (0)                   ; 0           ; 0            ; 0       ; 0         ; 17   ; 0            ; |ADS131A0X                                                                     ; ADS131A0X          ; work         ;
;    |SPI_Master:SPI_Master_uut|                    ; 110 (64)            ; 73 (40)                   ; 0           ; 0            ; 0       ; 0         ; 0    ; 0            ; |ADS131A0X|SPI_Master:SPI_Master_uut                                           ; SPI_Master         ; work         ;
;       |clock_synthesizer:clock_synthesizer_uut_0| ; 46 (46)             ; 33 (33)                   ; 0           ; 0            ; 0       ; 0         ; 0    ; 0            ; |ADS131A0X|SPI_Master:SPI_Master_uut|clock_synthesizer:clock_synthesizer_uut_0 ; clock_synthesizer  ; work         ;
;    |clock_synthesizer:clock_synthesizer_uut_1|    ; 56 (56)             ; 33 (33)                   ; 0           ; 0            ; 0       ; 0         ; 0    ; 0            ; |ADS131A0X|clock_synthesizer:clock_synthesizer_uut_1                           ; clock_synthesizer  ; work         ;
;    |spi_sclk_generator:spi_sclk_generator_uut|    ; 44 (44)             ; 33 (33)                   ; 0           ; 0            ; 0       ; 0         ; 0    ; 0            ; |ADS131A0X|spi_sclk_generator:spi_sclk_generator_uut                           ; spi_sclk_generator ; work         ;
+---------------------------------------------------+---------------------+---------------------------+-------------+--------------+---------+-----------+------+--------------+--------------------------------------------------------------------------------+--------------------+--------------+
Note: For table entries with two numbers listed, the numbers in parentheses indicate the number of resources of the given type used by the specific entity alone. The numbers listed outside of parentheses indicate the total resources of the given type used by the specific entity and all of its sub-entities in the hierarchy.


Encoding Type:  One-Hot
+----------------------------------------------------------------------------------------------------------------------------------------------+
; State Machine - |ADS131A0X|SPI_Master:SPI_Master_uut|current_state                                                                           ;
+---------------------------------+-------------------------------+---------------------------------+---------------------+--------------------+
; Name                            ; current_state.TRANSACTION_end ; current_state.TRANSACTION_begin ; current_state.SETUP ; current_state.IDLE ;
+---------------------------------+-------------------------------+---------------------------------+---------------------+--------------------+
; current_state.IDLE              ; 0                             ; 0                               ; 0                   ; 0                  ;
; current_state.SETUP             ; 0                             ; 0                               ; 1                   ; 1                  ;
; current_state.TRANSACTION_begin ; 0                             ; 1                               ; 0                   ; 1                  ;
; current_state.TRANSACTION_end   ; 1                             ; 0                               ; 0                   ; 1                  ;
+---------------------------------+-------------------------------+---------------------------------+---------------------+--------------------+


+----------------------------------------------------------------------------------------------------------------+
; User-Specified and Inferred Latches                                                                            ;
+----------------------------------------------------+----------------------------------+------------------------+
; Latch Name                                         ; Latch Enable Signal              ; Free of Timing Hazards ;
+----------------------------------------------------+----------------------------------+------------------------+
; SPI_Master:SPI_Master_uut|SPI_CS                   ; SPI_Master:SPI_Master_uut|SPI_CS ; yes                    ;
; Number of user-specified and inferred latches = 1  ;                                  ;                        ;
+----------------------------------------------------+----------------------------------+------------------------+
Note: All latches listed above may not be present at the end of synthesis due to various synthesis optimizations.


+---------------------------------------------------------------------------------------------------------------+
; Registers Removed During Synthesis                                                                            ;
+-------------------------------------------+-------------------------------------------------------------------+
; Register name                             ; Reason for Removal                                                ;
+-------------------------------------------+-------------------------------------------------------------------+
; SPI_Master:SPI_Master_uut|state[2]        ; Stuck at GND due to stuck port data_in                            ;
; heartbeat:heartbeat_uut|clock_state       ; Merged with clock_synthesizer:clock_synthesizer_uut_1|clock_state ;
; heartbeat:heartbeat_uut|counter[24]       ; Merged with clock_synthesizer:clock_synthesizer_uut_1|counter[24] ;
; heartbeat:heartbeat_uut|counter[22]       ; Merged with clock_synthesizer:clock_synthesizer_uut_1|counter[22] ;
; heartbeat:heartbeat_uut|counter[21]       ; Merged with clock_synthesizer:clock_synthesizer_uut_1|counter[21] ;
; heartbeat:heartbeat_uut|counter[20]       ; Merged with clock_synthesizer:clock_synthesizer_uut_1|counter[20] ;
; heartbeat:heartbeat_uut|counter[19]       ; Merged with clock_synthesizer:clock_synthesizer_uut_1|counter[19] ;
; heartbeat:heartbeat_uut|counter[18]       ; Merged with clock_synthesizer:clock_synthesizer_uut_1|counter[18] ;
; heartbeat:heartbeat_uut|counter[16]       ; Merged with clock_synthesizer:clock_synthesizer_uut_1|counter[16] ;
; heartbeat:heartbeat_uut|counter[14]       ; Merged with clock_synthesizer:clock_synthesizer_uut_1|counter[14] ;
; heartbeat:heartbeat_uut|counter[13]       ; Merged with clock_synthesizer:clock_synthesizer_uut_1|counter[13] ;
; heartbeat:heartbeat_uut|counter[12]       ; Merged with clock_synthesizer:clock_synthesizer_uut_1|counter[12] ;
; heartbeat:heartbeat_uut|counter[11]       ; Merged with clock_synthesizer:clock_synthesizer_uut_1|counter[11] ;
; heartbeat:heartbeat_uut|counter[5]        ; Merged with clock_synthesizer:clock_synthesizer_uut_1|counter[5]  ;
; heartbeat:heartbeat_uut|counter[4]        ; Merged with clock_synthesizer:clock_synthesizer_uut_1|counter[4]  ;
; heartbeat:heartbeat_uut|counter[3]        ; Merged with clock_synthesizer:clock_synthesizer_uut_1|counter[3]  ;
; heartbeat:heartbeat_uut|counter[2]        ; Merged with clock_synthesizer:clock_synthesizer_uut_1|counter[2]  ;
; heartbeat:heartbeat_uut|counter[1]        ; Merged with clock_synthesizer:clock_synthesizer_uut_1|counter[1]  ;
; heartbeat:heartbeat_uut|counter[0]        ; Merged with clock_synthesizer:clock_synthesizer_uut_1|counter[0]  ;
; heartbeat:heartbeat_uut|counter[31]       ; Merged with clock_synthesizer:clock_synthesizer_uut_1|counter[31] ;
; heartbeat:heartbeat_uut|counter[30]       ; Merged with clock_synthesizer:clock_synthesizer_uut_1|counter[30] ;
; heartbeat:heartbeat_uut|counter[29]       ; Merged with clock_synthesizer:clock_synthesizer_uut_1|counter[29] ;
; heartbeat:heartbeat_uut|counter[28]       ; Merged with clock_synthesizer:clock_synthesizer_uut_1|counter[28] ;
; heartbeat:heartbeat_uut|counter[27]       ; Merged with clock_synthesizer:clock_synthesizer_uut_1|counter[27] ;
; heartbeat:heartbeat_uut|counter[26]       ; Merged with clock_synthesizer:clock_synthesizer_uut_1|counter[26] ;
; heartbeat:heartbeat_uut|counter[25]       ; Merged with clock_synthesizer:clock_synthesizer_uut_1|counter[25] ;
; heartbeat:heartbeat_uut|counter[23]       ; Merged with clock_synthesizer:clock_synthesizer_uut_1|counter[23] ;
; heartbeat:heartbeat_uut|counter[17]       ; Merged with clock_synthesizer:clock_synthesizer_uut_1|counter[17] ;
; heartbeat:heartbeat_uut|counter[15]       ; Merged with clock_synthesizer:clock_synthesizer_uut_1|counter[15] ;
; heartbeat:heartbeat_uut|counter[10]       ; Merged with clock_synthesizer:clock_synthesizer_uut_1|counter[10] ;
; heartbeat:heartbeat_uut|counter[9]        ; Merged with clock_synthesizer:clock_synthesizer_uut_1|counter[9]  ;
; heartbeat:heartbeat_uut|counter[8]        ; Merged with clock_synthesizer:clock_synthesizer_uut_1|counter[8]  ;
; heartbeat:heartbeat_uut|counter[7]        ; Merged with clock_synthesizer:clock_synthesizer_uut_1|counter[7]  ;
; heartbeat:heartbeat_uut|counter[6]        ; Merged with clock_synthesizer:clock_synthesizer_uut_1|counter[6]  ;
; SPI_Master:SPI_Master_uut|current_state~4 ; Lost fanout                                                       ;
; SPI_Master:SPI_Master_uut|current_state~5 ; Lost fanout                                                       ;
; Total Number of Removed Registers = 36    ;                                                                   ;
+-------------------------------------------+-------------------------------------------------------------------+


+------------------------------------------------------+
; General Register Statistics                          ;
+----------------------------------------------+-------+
; Statistic                                    ; Value ;
+----------------------------------------------+-------+
; Total registers                              ; 139   ;
; Number of registers using Synchronous Clear  ; 64    ;
; Number of registers using Synchronous Load   ; 0     ;
; Number of registers using Asynchronous Clear ; 36    ;
; Number of registers using Asynchronous Load  ; 0     ;
; Number of registers using Clock Enable       ; 32    ;
; Number of registers using Preset             ; 0     ;
+----------------------------------------------+-------+


+--------------------------------------------------------------------------------------------------------------------------------------------------------------------------------+
; Multiplexer Restructuring Statistics (Restructuring Performed)                                                                                                                 ;
+--------------------+-----------+---------------+----------------------+------------------------+------------+------------------------------------------------------------------+
; Multiplexer Inputs ; Bus Width ; Baseline Area ; Area if Restructured ; Saving if Restructured ; Registered ; Example Multiplexer Output                                       ;
+--------------------+-----------+---------------+----------------------+------------------------+------------+------------------------------------------------------------------+
; 3:1                ; 32 bits   ; 64 LEs        ; 32 LEs               ; 32 LEs                 ; Yes        ; |ADS131A0X|spi_sclk_generator:spi_sclk_generator_uut|counter[27] ;
+--------------------+-----------+---------------+----------------------+------------------------+------------+------------------------------------------------------------------+


+----------------------------------------------------------------------------------------+
; Parameter Settings for User Entity Instance: clock_synthesizer:clock_synthesizer_uut_1 ;
+----------------+----------+------------------------------------------------------------+
; Parameter Name ; Value    ; Type                                                       ;
+----------------+----------+------------------------------------------------------------+
; COUNTER_LIMIT  ; 24999999 ; Signed Integer                                             ;
+----------------+----------+------------------------------------------------------------+
Note: In order to hide this table in the UI and the text report file, please set the "Show Parameter Settings in Synthesis Report" option in "Analysis and Synthesis Settings -> More Settings" to "Off".


+------------------------------------------------------------------------------------------------------------------+
; Parameter Settings for User Entity Instance: SPI_Master:SPI_Master_uut|clock_synthesizer:clock_synthesizer_uut_0 ;
+----------------+-------+-----------------------------------------------------------------------------------------+
; Parameter Name ; Value ; Type                                                                                    ;
+----------------+-------+-----------------------------------------------------------------------------------------+
; COUNTER_LIMIT  ; 6     ; Signed Integer                                                                          ;
+----------------+-------+-----------------------------------------------------------------------------------------+
Note: In order to hide this table in the UI and the text report file, please set the "Show Parameter Settings in Synthesis Report" option in "Analysis and Synthesis Settings -> More Settings" to "Off".


+----------------------------------------------------------------------------------------------------------------------------------------------------------+
; Port Connectivity Checks: "SPI_Master:SPI_Master_uut"                                                                                                    ;
+---------------------------+--------+----------+----------------------------------------------------------------------------------------------------------+
; Port                      ; Type   ; Severity ; Details                                                                                                  ;
+---------------------------+--------+----------+----------------------------------------------------------------------------------------------------------+
; adc_transaction_completed ; Output ; Warning  ; Declared by entity but not connected by instance. Logic that only feeds a dangling port will be removed. ;
+---------------------------+--------+----------+----------------------------------------------------------------------------------------------------------+


+-----------------------------------------------------+
; Post-Synthesis Netlist Statistics for Top Partition ;
+-----------------------+-----------------------------+
; Type                  ; Count                       ;
+-----------------------+-----------------------------+
; boundary_port         ; 17                          ;
; cycloneiii_ff         ; 139                         ;
;     CLR               ; 4                           ;
;     ENA CLR SCLR      ; 32                          ;
;     SCLR              ; 32                          ;
;     plain             ; 71                          ;
; cycloneiii_lcell_comb ; 211                         ;
;     arith             ; 124                         ;
;         2 data inputs ; 124                         ;
;     normal            ; 87                          ;
;         0 data inputs ; 1                           ;
;         1 data inputs ; 5                           ;
;         2 data inputs ; 19                          ;
;         3 data inputs ; 10                          ;
;         4 data inputs ; 52                          ;
;                       ;                             ;
; Max LUT depth         ; 6.00                        ;
; Average LUT depth     ; 3.43                        ;
+-----------------------+-----------------------------+


+-------------------------------+
; Elapsed Time Per Partition    ;
+----------------+--------------+
; Partition Name ; Elapsed Time ;
+----------------+--------------+
; Top            ; 00:00:00     ;
+----------------+--------------+


+-------------------------------+
; Analysis & Synthesis Messages ;
+-------------------------------+
Info: *******************************************************************
Info: Running Quartus Prime Analysis & Synthesis
    Info: Version 18.1.0 Build 625 09/12/2018 SJ Lite Edition
    Info: Processing started: Fri Feb 07 16:58:37 2025
Info: Command: quartus_map --read_settings_files=on --write_settings_files=off ADS131A0X -c ADS131A0X
Warning (18236): Number of processors has not been specified which may cause overloading on shared machines.  Set the global assignment NUM_PARALLEL_PROCESSORS in your QSF to an appropriate value for best performance.
Info (20030): Parallel compilation is enabled and will use 4 of the 4 processors detected
Info (12021): Found 1 design units, including 1 entities, in source file tb_ads131a0x.v
    Info (12023): Found entity 1: tb_ADS131A0X File: C:/Users/guan-ming.dennis-won/Documents/Code/ADS131A0X_Library/tb_ADS131A0X.v Line: 3
Info (12021): Found 1 design units, including 1 entities, in source file clock_synthesis_module.v
    Info (12023): Found entity 1: clock_synthesis_module File: C:/Users/guan-ming.dennis-won/Documents/Code/ADS131A0X_Library/clock_synthesis_module.v Line: 39
Info (12021): Found 1 design units, including 1 entities, in source file ads131a0x.v
    Info (12023): Found entity 1: ADS131A0X File: C:/Users/guan-ming.dennis-won/Documents/Code/ADS131A0X_Library/ADS131A0X.v Line: 8
Info (12021): Found 1 design units, including 1 entities, in source file heartbeat.v
    Info (12023): Found entity 1: heartbeat File: C:/Users/guan-ming.dennis-won/Documents/Code/ADS131A0X_Library/heartbeat.v Line: 4
Info (12021): Found 1 design units, including 1 entities, in source file clock_synthesizer.v
    Info (12023): Found entity 1: clock_synthesizer File: C:/Users/guan-ming.dennis-won/Documents/Code/ADS131A0X_Library/clock_synthesizer.v Line: 5
Info (12021): Found 1 design units, including 1 entities, in source file spi_master.v
    Info (12023): Found entity 1: SPI_Master File: C:/Users/guan-ming.dennis-won/Documents/Code/ADS131A0X_Library/SPI_master.v Line: 4
Info (12021): Found 1 design units, including 1 entities, in source file spi_sclk_generator.v
    Info (12023): Found entity 1: spi_sclk_generator File: C:/Users/guan-ming.dennis-won/Documents/Code/ADS131A0X_Library/spi_sclk_generator.v Line: 4
Info (12127): Elaborating entity "ADS131A0X" for the top level hierarchy
Info (12128): Elaborating entity "clock_synthesizer" for hierarchy "clock_synthesizer:clock_synthesizer_uut_1" File: C:/Users/guan-ming.dennis-won/Documents/Code/ADS131A0X_Library/ADS131A0X.v Line: 36
Info (12128): Elaborating entity "spi_sclk_generator" for hierarchy "spi_sclk_generator:spi_sclk_generator_uut" File: C:/Users/guan-ming.dennis-won/Documents/Code/ADS131A0X_Library/ADS131A0X.v Line: 43
Info (12128): Elaborating entity "heartbeat" for hierarchy "heartbeat:heartbeat_uut" File: C:/Users/guan-ming.dennis-won/Documents/Code/ADS131A0X_Library/ADS131A0X.v Line: 49
Info (12128): Elaborating entity "SPI_Master" for hierarchy "SPI_Master:SPI_Master_uut" File: C:/Users/guan-ming.dennis-won/Documents/Code/ADS131A0X_Library/ADS131A0X.v Line: 68
Warning (10240): Verilog HDL Always Construct warning at SPI_master.v(64): inferring latch(es) for variable "SPI_CS", which holds its previous value in one or more paths through the always construct File: C:/Users/guan-ming.dennis-won/Documents/Code/ADS131A0X_Library/SPI_master.v Line: 64
Warning (10034): Output port "SPI_MOSI" at SPI_master.v(9) has no driver File: C:/Users/guan-ming.dennis-won/Documents/Code/ADS131A0X_Library/SPI_master.v Line: 9
Warning (10034): Output port "adc_transaction_completed" at SPI_master.v(21) has no driver File: C:/Users/guan-ming.dennis-won/Documents/Code/ADS131A0X_Library/SPI_master.v Line: 21
Info (10041): Inferred latch for "SPI_CS" at SPI_master.v(64) File: C:/Users/guan-ming.dennis-won/Documents/Code/ADS131A0X_Library/SPI_master.v Line: 64
Info (12128): Elaborating entity "clock_synthesizer" for hierarchy "SPI_Master:SPI_Master_uut|clock_synthesizer:clock_synthesizer_uut_0" File: C:/Users/guan-ming.dennis-won/Documents/Code/ADS131A0X_Library/SPI_master.v Line: 30
Warning (12241): 1 hierarchies have connectivity warnings - see the Connectivity Checks report folder
Warning (13024): Output pins are stuck at VCC or GND
    Warning (13410): Pin "SPI_MOSI" is stuck at GND File: C:/Users/guan-ming.dennis-won/Documents/Code/ADS131A0X_Library/ADS131A0X.v Line: 14
    Warning (13410): Pin "state[2]" is stuck at GND File: C:/Users/guan-ming.dennis-won/Documents/Code/ADS131A0X_Library/ADS131A0X.v Line: 23
Info (286030): Timing-Driven Synthesis is running
Info (17049): 2 registers lost all their fanouts during netlist optimizations.
Info (144001): Generated suppressed messages file C:/Users/guan-ming.dennis-won/Documents/Code/ADS131A0X_Library/output_files/ADS131A0X.map.smsg
Info (16010): Generating hard_block partition "hard_block:auto_generated_inst"
    Info (16011): Adding 0 node(s), including 0 DDIO, 0 PLL, 0 transceiver and 0 LCELL
Warning (21074): Design contains 1 input pin(s) that do not drive logic
    Warning (15610): No output dependent on input pin "SPI_MISO" File: C:/Users/guan-ming.dennis-won/Documents/Code/ADS131A0X_Library/ADS131A0X.v Line: 15
Info (21057): Implemented 227 device resources after synthesis - the final resource count might be different
    Info (21058): Implemented 5 input pins
    Info (21059): Implemented 12 output pins
    Info (21061): Implemented 210 logic cells
Info: Quartus Prime Analysis & Synthesis was successful. 0 errors, 10 warnings
    Info: Peak virtual memory: 4754 megabytes
    Info: Processing ended: Fri Feb 07 16:58:51 2025
    Info: Elapsed time: 00:00:14
    Info: Total CPU time (on all processors): 00:00:06


+------------------------------------------+
; Analysis & Synthesis Suppressed Messages ;
+------------------------------------------+
The suppressed messages can be found in C:/Users/guan-ming.dennis-won/Documents/Code/ADS131A0X_Library/output_files/ADS131A0X.map.smsg.


